<?xml version="1.0" encoding="UTF-8"?>
<testsuite name="dk.netdesign.common.osgi.config.ManagedPropertiesServiceTest" time="0.207" tests="30" errors="0" skipped="1" failures="0">
  <properties>
    <property name="java.runtime.name" value="Java(TM) SE Runtime Environment"/>
    <property name="sun.boot.library.path" value="C:\Program Files\Java\jdk1.8.0\jre\bin"/>
    <property name="java.vm.version" value="25.0-b70"/>
    <property name="user.country.format" value="DK"/>
    <property name="java.vm.vendor" value="Oracle Corporation"/>
    <property name="java.vendor.url" value="http://java.oracle.com/"/>
    <property name="path.separator" value=";"/>
    <property name="guice.disable.misplaced.annotation.check" value="true"/>
    <property name="java.vm.name" value="Java HotSpot(TM) 64-Bit Server VM"/>
    <property name="file.encoding.pkg" value="sun.io"/>
    <property name="user.script" value=""/>
    <property name="user.country" value="US"/>
    <property name="sun.java.launcher" value="SUN_STANDARD"/>
    <property name="sun.os.patch.level" value="Service Pack 1"/>
    <property name="java.vm.specification.name" value="Java Virtual Machine Specification"/>
    <property name="user.dir" value="C:\Users\mnn\workspace\Netdesign\common\ManagedProperties"/>
    <property name="java.runtime.version" value="1.8.0-b132"/>
    <property name="java.awt.graphicsenv" value="sun.awt.Win32GraphicsEnvironment"/>
    <property name="java.endorsed.dirs" value="C:\Program Files\Java\jdk1.8.0\jre\lib\endorsed"/>
    <property name="os.arch" value="amd64"/>
    <property name="java.io.tmpdir" value="C:\Users\mnn\AppData\Local\Temp\"/>
    <property name="line.separator" value="&#10;"/>
    <property name="java.vm.specification.vendor" value="Oracle Corporation"/>
    <property name="user.variant" value=""/>
    <property name="os.name" value="Windows 7"/>
    <property name="classworlds.conf" value="C:\Apache\Maven\apache-maven-3.2.2\bin\m2.conf"/>
    <property name="sun.jnu.encoding" value="Cp1252"/>
    <property name="java.library.path" value="C:\Program Files\Java\jdk1.8.0\bin;C:\Windows\Sun\Java\bin;C:\Windows\system32;C:\Windows;C:\Program Files (x86)\Intel\iCLS Client\;C:\Program Files\Intel\iCLS Client\;C:\Windows\system32;C:\Windows;C:\Windows\System32\Wbem;C:\Windows\System32\WindowsPowerShell\v1.0\;C:\Program Files (x86)\QuickTime\QTSystem\;C:\Program Files\Intel\Intel(R) Management Engine Components\DAL;C:\Program Files\Intel\Intel(R) Management Engine Components\IPT;C:\Program Files (x86)\Intel\Intel(R) Management Engine Components\DAL;C:\Program Files (x86)\Intel\Intel(R) Management Engine Components\IPT;C:\Program Files\Lenovo\Fingerprint Manager Pro\;C:\Program Files\Intel\WiFi\bin\;C:\Program Files\Common Files\Intel\WirelessCommon\;C:\Program Files\TortoiseSVN\bin;C:\Program Files (x86)\Git\cmd;C:\Ruby21\bin;C:\Program Files (x86)\Skype\Phone\;C:\Apache\Maven\apache-maven-3.2.2\bin;C:\Program Files\Intel\WiFi\bin\;C:\Program Files\Common Files\Intel\WirelessCommon\;C:\Program Files (x86)\Git\bin;C:\Program Files\Java\jdk1.8.0\bin;."/>
    <property name="java.specification.name" value="Java Platform API Specification"/>
    <property name="java.class.version" value="52.0"/>
    <property name="sun.management.compiler" value="HotSpot 64-Bit Tiered Compilers"/>
    <property name="os.version" value="6.1"/>
    <property name="user.home" value="C:\Users\mnn"/>
    <property name="user.timezone" value="Europe/Paris"/>
    <property name="java.awt.printerjob" value="sun.awt.windows.WPrinterJob"/>
    <property name="java.specification.version" value="1.8"/>
    <property name="file.encoding" value="Cp1252"/>
    <property name="user.name" value="mnn"/>
    <property name="java.class.path" value="C:\Apache\Maven\apache-maven-3.2.2\boot\plexus-classworlds-2.5.1.jar"/>
    <property name="org.slf4j.simpleLogger.defaultLogLevel" value="info"/>
    <property name="java.vm.specification.version" value="1.8"/>
    <property name="sun.arch.data.model" value="64"/>
    <property name="java.home" value="C:\Program Files\Java\jdk1.8.0\jre"/>
    <property name="sun.java.command" value="org.codehaus.plexus.classworlds.launcher.Launcher clean install"/>
    <property name="java.specification.vendor" value="Oracle Corporation"/>
    <property name="user.language" value="en"/>
    <property name="user.language.format" value="da"/>
    <property name="awt.toolkit" value="sun.awt.windows.WToolkit"/>
    <property name="java.vm.info" value="mixed mode"/>
    <property name="java.version" value="1.8.0"/>
    <property name="java.ext.dirs" value="C:\Program Files\Java\jdk1.8.0\jre\lib\ext;C:\Windows\Sun\Java\lib\ext"/>
    <property name="sun.boot.class.path" value="C:\Program Files\Java\jdk1.8.0\jre\lib\resources.jar;C:\Program Files\Java\jdk1.8.0\jre\lib\rt.jar;C:\Program Files\Java\jdk1.8.0\jre\lib\sunrsasign.jar;C:\Program Files\Java\jdk1.8.0\jre\lib\jsse.jar;C:\Program Files\Java\jdk1.8.0\jre\lib\jce.jar;C:\Program Files\Java\jdk1.8.0\jre\lib\charsets.jar;C:\Program Files\Java\jdk1.8.0\jre\lib\jfr.jar;C:\Program Files\Java\jdk1.8.0\jre\classes"/>
    <property name="sun.stderr.encoding" value="cp850"/>
    <property name="java.vendor" value="Oracle Corporation"/>
    <property name="maven.home" value="C:\Apache\Maven\apache-maven-3.2.2"/>
    <property name="file.separator" value="\"/>
    <property name="java.vendor.url.bug" value="http://bugreport.sun.com/bugreport/"/>
    <property name="sun.cpu.endian" value="little"/>
    <property name="sun.io.unicode.encoding" value="UnicodeLittle"/>
    <property name="sun.stdout.encoding" value="cp850"/>
    <property name="sun.desktop" value="windows"/>
    <property name="sun.cpu.isalist" value="amd64"/>
  </properties>
  <testcase name="testLegalInputType" classname="dk.netdesign.common.osgi.config.ManagedPropertiesServiceTest" time="0">
    <skipped/>
  </testcase>
  <testcase name="testOffline" classname="dk.netdesign.common.osgi.config.ManagedPropertiesServiceTest" time="0.082"/>
  <testcase name="testAbstract" classname="dk.netdesign.common.osgi.config.ManagedPropertiesServiceTest" time="0.005"/>
  <testcase name="testTestDirectType" classname="dk.netdesign.common.osgi.config.ManagedPropertiesServiceTest" time="0.005"/>
  <testcase name="testTestFilteredType" classname="dk.netdesign.common.osgi.config.ManagedPropertiesServiceTest" time="0.004"/>
  <testcase name="testBadListType" classname="dk.netdesign.common.osgi.config.ManagedPropertiesServiceTest" time="0.004"/>
  <testcase name="testUnknownInputType" classname="dk.netdesign.common.osgi.config.ManagedPropertiesServiceTest" time="0.004"/>
  <testcase name="testLock" classname="dk.netdesign.common.osgi.config.ManagedPropertiesServiceTest" time="0.003"/>
  <testcase name="testToString" classname="dk.netdesign.common.osgi.config.ManagedPropertiesServiceTest" time="0.004"/>
  <testcase name="testMissingRequredValueOnUpdate" classname="dk.netdesign.common.osgi.config.ManagedPropertiesServiceTest" time="0.007"/>
  <testcase name="testValidTypes" classname="dk.netdesign.common.osgi.config.ManagedPropertiesServiceTest" time="0.008"/>
  <testcase name="testDoubleInterfaceID" classname="dk.netdesign.common.osgi.config.ManagedPropertiesServiceTest" time="0.006"/>
  <testcase name="testBadType" classname="dk.netdesign.common.osgi.config.ManagedPropertiesServiceTest" time="0.004"/>
  <testcase name="testMethodWithParams" classname="dk.netdesign.common.osgi.config.ManagedPropertiesServiceTest" time="0.005"/>
  <testcase name="testNarrowingDefaultsNoUpdate" classname="dk.netdesign.common.osgi.config.ManagedPropertiesServiceTest" time="0.007"/>
  <testcase name="testNonExistant" classname="dk.netdesign.common.osgi.config.ManagedPropertiesServiceTest" time="0.004"/>
  <testcase name="testIllegalInputType" classname="dk.netdesign.common.osgi.config.ManagedPropertiesServiceTest" time="0.005"/>
  <testcase name="testTestNarrowing" classname="dk.netdesign.common.osgi.config.ManagedPropertiesServiceTest" time="0.004"/>
  <testcase name="testBadListCardinality" classname="dk.netdesign.common.osgi.config.ManagedPropertiesServiceTest" time="0.004"/>
  <testcase name="testNarrowingMissingDefaults" classname="dk.netdesign.common.osgi.config.ManagedPropertiesServiceTest" time="0.006"/>
  <testcase name="testOfflineMissing" classname="dk.netdesign.common.osgi.config.ManagedPropertiesServiceTest" time="0.002"/>
  <testcase name="testCallback" classname="dk.netdesign.common.osgi.config.ManagedPropertiesServiceTest" time="0.005"/>
  <testcase name="testNarrowingDefaultsPartialUpdate" classname="dk.netdesign.common.osgi.config.ManagedPropertiesServiceTest" time="0.003"/>
  <testcase name="testFileFilter" classname="dk.netdesign.common.osgi.config.ManagedPropertiesServiceTest" time="0.004"/>
  <testcase name="testDoubleAttributeID" classname="dk.netdesign.common.osgi.config.ManagedPropertiesServiceTest" time="0.004"/>
  <testcase name="testNotInterface" classname="dk.netdesign.common.osgi.config.ManagedPropertiesServiceTest" time="0.003"/>
  <testcase name="testCardinalityOnUpdate" classname="dk.netdesign.common.osgi.config.ManagedPropertiesServiceTest" time="0.004"/>
  <testcase name="testRepeatedInterface" classname="dk.netdesign.common.osgi.config.ManagedPropertiesServiceTest" time="0.003"/>
  <testcase name="testTestNarrowingBadInput" classname="dk.netdesign.common.osgi.config.ManagedPropertiesServiceTest" time="0.004"/>
  <testcase name="testBadFilter" classname="dk.netdesign.common.osgi.config.ManagedPropertiesServiceTest" time="0.004"/>
</testsuite>